[2025-02-22 09:33:07Z INFO HostContext] No proxy settings were found based on environmental variables (http_proxy/https_proxy/HTTP_PROXY/HTTPS_PROXY)
[2025-02-22 09:33:07Z INFO HostContext] Well known directory 'Bin': '/home/ayamatani/aesd-assignments/actions-runner/bin'
[2025-02-22 09:33:07Z INFO HostContext] Well known directory 'Root': '/home/ayamatani/aesd-assignments/actions-runner'
[2025-02-22 09:33:07Z INFO HostContext] Well known config file 'Credentials': '/home/ayamatani/aesd-assignments/actions-runner/.credentials'
[2025-02-22 09:33:07Z INFO HostContext] Well known directory 'Bin': '/home/ayamatani/aesd-assignments/actions-runner/bin'
[2025-02-22 09:33:07Z INFO HostContext] Well known directory 'Root': '/home/ayamatani/aesd-assignments/actions-runner'
[2025-02-22 09:33:07Z INFO HostContext] Well known config file 'Runner': '/home/ayamatani/aesd-assignments/actions-runner/.runner'
[2025-02-22 09:33:07Z INFO Listener] Runner is built for Linux (X64) - linux-x64.
[2025-02-22 09:33:07Z INFO Listener] RuntimeInformation: Ubuntu 20.04.6 LTS.
[2025-02-22 09:33:07Z INFO Listener] Version: 2.322.0
[2025-02-22 09:33:07Z INFO Listener] Commit: 0edc478ca75d0a753dcbcec7405f3f26db67b1ac
[2025-02-22 09:33:07Z INFO Listener] Culture: en-US
[2025-02-22 09:33:07Z INFO Listener] UI Culture: en-US
[2025-02-22 09:33:07Z INFO HostContext] Well known directory 'Bin': '/home/ayamatani/aesd-assignments/actions-runner/bin'
[2025-02-22 09:33:07Z INFO HostContext] Well known directory 'Root': '/home/ayamatani/aesd-assignments/actions-runner'
[2025-02-22 09:33:07Z INFO Listener] Validating directory permissions for: '/home/ayamatani/aesd-assignments/actions-runner'
[2025-02-22 09:33:07Z INFO CommandLineParser] Parse
[2025-02-22 09:33:07Z INFO CommandLineParser] Parsing 5 args
[2025-02-22 09:33:07Z INFO CommandLineParser] parsing argument
[2025-02-22 09:33:07Z INFO CommandLineParser] HasArgs: False
[2025-02-22 09:33:07Z INFO CommandLineParser] Adding Command: configure
[2025-02-22 09:33:07Z INFO CommandLineParser] parsing argument
[2025-02-22 09:33:07Z INFO CommandLineParser] HasArgs: True
[2025-02-22 09:33:07Z INFO CommandLineParser] arg: url
[2025-02-22 09:33:07Z INFO CommandLineParser] parsing argument
[2025-02-22 09:33:07Z INFO CommandLineParser] HasArgs: True
[2025-02-22 09:33:07Z INFO CommandLineParser] Adding option 'url': 'https://github.com/cu-ecen-aeld/assignment-1-ayumunwap'
[2025-02-22 09:33:07Z INFO CommandLineParser] parsing argument
[2025-02-22 09:33:07Z INFO CommandLineParser] HasArgs: True
[2025-02-22 09:33:07Z INFO CommandLineParser] arg: token
[2025-02-22 09:33:07Z INFO CommandLineParser] parsing argument
[2025-02-22 09:33:07Z INFO CommandLineParser] HasArgs: True
[2025-02-22 09:33:07Z INFO CommandLineParser] Adding option 'token': '***'
[2025-02-22 09:33:07Z INFO Listener] Arguments parsed
[2025-02-22 09:33:07Z INFO Runner] ExecuteCommand
[2025-02-22 09:33:07Z INFO ConfigurationStore] currentAssemblyLocation: /home/ayamatani/aesd-assignments/actions-runner/bin/Runner.Listener.dll
[2025-02-22 09:33:07Z INFO HostContext] Well known directory 'Bin': '/home/ayamatani/aesd-assignments/actions-runner/bin'
[2025-02-22 09:33:07Z INFO ConfigurationStore] binPath: /home/ayamatani/aesd-assignments/actions-runner/bin
[2025-02-22 09:33:07Z INFO HostContext] Well known directory 'Bin': '/home/ayamatani/aesd-assignments/actions-runner/bin'
[2025-02-22 09:33:07Z INFO HostContext] Well known directory 'Root': '/home/ayamatani/aesd-assignments/actions-runner'
[2025-02-22 09:33:07Z INFO ConfigurationStore] RootFolder: /home/ayamatani/aesd-assignments/actions-runner
[2025-02-22 09:33:07Z INFO HostContext] Well known directory 'Bin': '/home/ayamatani/aesd-assignments/actions-runner/bin'
[2025-02-22 09:33:07Z INFO HostContext] Well known directory 'Root': '/home/ayamatani/aesd-assignments/actions-runner'
[2025-02-22 09:33:07Z INFO HostContext] Well known config file 'Runner': '/home/ayamatani/aesd-assignments/actions-runner/.runner'
[2025-02-22 09:33:07Z INFO ConfigurationStore] ConfigFilePath: /home/ayamatani/aesd-assignments/actions-runner/.runner
[2025-02-22 09:33:07Z INFO HostContext] Well known directory 'Bin': '/home/ayamatani/aesd-assignments/actions-runner/bin'
[2025-02-22 09:33:07Z INFO HostContext] Well known directory 'Root': '/home/ayamatani/aesd-assignments/actions-runner'
[2025-02-22 09:33:07Z INFO HostContext] Well known config file 'Credentials': '/home/ayamatani/aesd-assignments/actions-runner/.credentials'
[2025-02-22 09:33:07Z INFO ConfigurationStore] CredFilePath: /home/ayamatani/aesd-assignments/actions-runner/.credentials
[2025-02-22 09:33:07Z INFO HostContext] Well known directory 'Bin': '/home/ayamatani/aesd-assignments/actions-runner/bin'
[2025-02-22 09:33:07Z INFO HostContext] Well known directory 'Root': '/home/ayamatani/aesd-assignments/actions-runner'
[2025-02-22 09:33:07Z INFO HostContext] Well known config file 'MigratedCredentials': '/home/ayamatani/aesd-assignments/actions-runner/.credentials_migrated'
[2025-02-22 09:33:07Z INFO ConfigurationStore] MigratedCredFilePath: /home/ayamatani/aesd-assignments/actions-runner/.credentials_migrated
[2025-02-22 09:33:07Z INFO HostContext] Well known directory 'Bin': '/home/ayamatani/aesd-assignments/actions-runner/bin'
[2025-02-22 09:33:07Z INFO HostContext] Well known directory 'Root': '/home/ayamatani/aesd-assignments/actions-runner'
[2025-02-22 09:33:07Z INFO HostContext] Well known config file 'Service': '/home/ayamatani/aesd-assignments/actions-runner/.service'
[2025-02-22 09:33:07Z INFO ConfigurationStore] ServiceConfigFilePath: /home/ayamatani/aesd-assignments/actions-runner/.service
[2025-02-22 09:33:07Z INFO CommandSettings] Flag 'help': 'False'
[2025-02-22 09:33:07Z INFO CommandSettings] Flag 'version': 'False'
[2025-02-22 09:33:07Z INFO CommandSettings] Flag 'commit': 'False'
[2025-02-22 09:33:07Z INFO CommandSettings] Flag 'check': 'False'
[2025-02-22 09:33:07Z INFO CommandSettings] Command 'configure': 'True'
[2025-02-22 09:33:07Z INFO Terminal] WRITE LINE: 
[2025-02-22 09:33:07Z INFO Terminal] WRITE LINE: --------------------------------------------------------------------------------
[2025-02-22 09:33:07Z INFO Terminal] WRITE LINE: |        ____ _ _   _   _       _          _        _   _                      |
[2025-02-22 09:33:07Z INFO Terminal] WRITE LINE: |       / ___(_) |_| | | |_   _| |__      / \   ___| |_(_) ___  _ __  ___      |
[2025-02-22 09:33:07Z INFO Terminal] WRITE LINE: |      | |  _| | __| |_| | | | | '_ \    / _ \ / __| __| |/ _ \| '_ \/ __|     |
[2025-02-22 09:33:07Z INFO Terminal] WRITE LINE: |      | |_| | | |_|  _  | |_| | |_) |  / ___ \ (__| |_| | (_) | | | \__ \     |
[2025-02-22 09:33:07Z INFO Terminal] WRITE LINE: |       \____|_|\__|_| |_|\__,_|_.__/  /_/   \_\___|\__|_|\___/|_| |_|___/     |
[2025-02-22 09:33:07Z INFO Terminal] WRITE LINE: |                                                                              |
[2025-02-22 09:33:07Z INFO Terminal] WRITE: |                       
[2025-02-22 09:33:07Z INFO Terminal] WRITE: Self-hosted runner registration
[2025-02-22 09:33:07Z INFO Terminal] WRITE LINE:                         |
[2025-02-22 09:33:07Z INFO Terminal] WRITE LINE: |                                                                              |
[2025-02-22 09:33:07Z INFO Terminal] WRITE LINE: --------------------------------------------------------------------------------
[2025-02-22 09:33:07Z INFO ConfigurationManager] ConfigureAsync
[2025-02-22 09:33:07Z INFO CommandSettings] Flag 'generateServiceConfig': 'False'
[2025-02-22 09:33:07Z INFO ConfigurationStore] IsConfigured()
[2025-02-22 09:33:07Z INFO ConfigurationStore] IsConfigured: False
[2025-02-22 09:33:07Z INFO ConfigurationManager] Is configured: False
[2025-02-22 09:33:07Z INFO CommandSettings] Arg 'url': 'https://github.com/cu-ecen-aeld/assignment-1-ayumunwap'
[2025-02-22 09:33:07Z INFO CommandSettings] Remove url from Arg dictionary.
[2025-02-22 09:33:07Z INFO CommandSettings] Arg 'token': '***'
[2025-02-22 09:33:07Z INFO CommandSettings] Remove token from Arg dictionary.
[2025-02-22 09:33:07Z INFO ConfigurationManager] Http response code: OK from 'POST https://api.github.com/actions/runner-registration' (05B1:23E436:2D2DEA:3EE9C4:67B999D3)
[2025-02-22 09:33:07Z INFO ConfigurationManager] Using V2 flow: False
[2025-02-22 09:33:07Z INFO ConfigurationManager] cred retrieved via GitHub auth
[2025-02-22 09:33:07Z INFO RunnerServer] EstablishVssConnection
[2025-02-22 09:33:07Z INFO RunnerServer] Establish connection with 100 seconds timeout.
[2025-02-22 09:33:07Z INFO GitHubActionsService] Starting operation Location.GetConnectionData
[2025-02-22 09:33:07Z INFO RunnerServer] EstablishVssConnection
[2025-02-22 09:33:07Z INFO RunnerServer] Establish connection with 60 seconds timeout.
[2025-02-22 09:33:07Z INFO GitHubActionsService] Starting operation Location.GetConnectionData
[2025-02-22 09:33:07Z INFO RunnerServer] EstablishVssConnection
[2025-02-22 09:33:07Z INFO RunnerServer] Establish connection with 60 seconds timeout.
[2025-02-22 09:33:07Z INFO GitHubActionsService] Starting operation Location.GetConnectionData
[2025-02-22 09:33:08Z INFO GitHubActionsService] Finished operation Location.GetConnectionData
[2025-02-22 09:33:08Z INFO GitHubActionsService] Finished operation Location.GetConnectionData
[2025-02-22 09:33:08Z INFO GitHubActionsService] Finished operation Location.GetConnectionData
[2025-02-22 09:33:08Z INFO Terminal] WRITE LINE: 
[2025-02-22 09:33:08Z INFO ConfigurationManager] Test Connection complete.
[2025-02-22 09:33:08Z INFO HostContext] Well known directory 'Bin': '/home/ayamatani/aesd-assignments/actions-runner/bin'
[2025-02-22 09:33:08Z INFO HostContext] Well known directory 'Root': '/home/ayamatani/aesd-assignments/actions-runner'
[2025-02-22 09:33:08Z INFO HostContext] Well known config file 'RSACredentials': '/home/ayamatani/aesd-assignments/actions-runner/.credentials_rsaparams'
[2025-02-22 09:33:08Z INFO RSAFileKeyManager] Creating new RSA key using 2048-bit key length
[2025-02-22 09:33:08Z INFO RSAFileKeyManager] Successfully saved RSA key parameters to file /home/ayamatani/aesd-assignments/actions-runner/.credentials_rsaparams
[2025-02-22 09:33:08Z INFO RSAFileKeyManager] Which2: 'chmod'
[2025-02-22 09:33:08Z INFO RSAFileKeyManager] Location: '/usr/bin/chmod'
[2025-02-22 09:33:08Z INFO HostContext] Well known directory 'Bin': '/home/ayamatani/aesd-assignments/actions-runner/bin'
[2025-02-22 09:33:08Z INFO HostContext] Well known directory 'Root': '/home/ayamatani/aesd-assignments/actions-runner'
[2025-02-22 09:33:08Z INFO ProcessInvokerWrapper] Starting process:
[2025-02-22 09:33:08Z INFO ProcessInvokerWrapper]   File name: '/usr/bin/chmod'
[2025-02-22 09:33:08Z INFO ProcessInvokerWrapper]   Arguments: '600 /home/ayamatani/aesd-assignments/actions-runner/.credentials_rsaparams'
[2025-02-22 09:33:08Z INFO ProcessInvokerWrapper]   Working directory: '/home/ayamatani/aesd-assignments/actions-runner'
[2025-02-22 09:33:08Z INFO ProcessInvokerWrapper]   Require exit code zero: 'False'
[2025-02-22 09:33:08Z INFO ProcessInvokerWrapper]   Encoding web name:  ; code page: ''
[2025-02-22 09:33:08Z INFO ProcessInvokerWrapper]   Force kill process on cancellation: 'False'
[2025-02-22 09:33:08Z INFO ProcessInvokerWrapper]   Redirected STDIN: 'False'
[2025-02-22 09:33:08Z INFO ProcessInvokerWrapper]   Persist current code page: 'False'
[2025-02-22 09:33:08Z INFO ProcessInvokerWrapper]   Keep redirected STDIN open: 'False'
[2025-02-22 09:33:08Z INFO ProcessInvokerWrapper]   High priority process: 'False'
[2025-02-22 09:33:08Z INFO ProcessInvokerWrapper] Process started with process id 18555, waiting for process exit.
[2025-02-22 09:33:08Z INFO ProcessInvokerWrapper] STDOUT/STDERR stream read finished.
[2025-02-22 09:33:08Z INFO ProcessInvokerWrapper] STDOUT/STDERR stream read finished.
[2025-02-22 09:33:08Z INFO ProcessInvokerWrapper] Finished process 18555 with exit code 0, and elapsed time 00:00:00.0053044.
[2025-02-22 09:33:08Z INFO RSAFileKeyManager] Successfully set permissions for RSA key parameters file /home/ayamatani/aesd-assignments/actions-runner/.credentials_rsaparams
[2025-02-22 09:33:09Z INFO CommandSettings] Arg 'runnergroup': ''
[2025-02-22 09:33:09Z INFO CommandSettings] Flag 'unattended': 'False'
[2025-02-22 09:33:09Z INFO PromptManager] ReadValue
[2025-02-22 09:33:09Z INFO Terminal] WRITE: Enter the name of the runner group to add this runner to: 
[2025-02-22 09:33:09Z INFO Terminal] WRITE: [press Enter for Default] 
[2025-02-22 09:33:09Z INFO Terminal] READ LINE
[2025-02-22 09:33:09Z INFO Terminal] Read value: ''
[2025-02-22 09:33:09Z INFO PromptManager] Falling back to the default: 'Default'
[2025-02-22 09:33:09Z INFO Terminal] WRITE LINE: 
[2025-02-22 09:33:09Z INFO ConfigurationManager] Found a self-hosted runner group with id 1 and name Default
[2025-02-22 09:33:09Z INFO CommandSettings] Flag 'disableupdate': 'False'
[2025-02-22 09:33:09Z INFO CommandSettings] Flag 'ephemeral': 'False'
[2025-02-22 09:33:09Z INFO CommandSettings] Arg 'name': ''
[2025-02-22 09:33:09Z INFO CommandSettings] Flag 'unattended': 'False'
[2025-02-22 09:33:09Z INFO PromptManager] ReadValue
[2025-02-22 09:33:09Z INFO Terminal] WRITE: Enter the name of runner: 
[2025-02-22 09:33:09Z INFO Terminal] WRITE: [press Enter for Ubuntu] 
[2025-02-22 09:33:09Z INFO Terminal] READ LINE
[2025-02-22 09:33:10Z INFO Terminal] Read value: ''
[2025-02-22 09:33:10Z INFO PromptManager] Falling back to the default: 'Ubuntu'
[2025-02-22 09:33:10Z INFO Terminal] WRITE LINE: 
[2025-02-22 09:33:10Z INFO CommandSettings] Arg 'labels': ''
[2025-02-22 09:33:10Z INFO CommandSettings] Flag 'unattended': 'False'
[2025-02-22 09:33:10Z INFO PromptManager] ReadValue
[2025-02-22 09:33:10Z INFO Terminal] WRITE: This runner will have the following labels: 'self-hosted', 'Linux', 'X64' 
Enter any additional labels (ex. label-1,label-2): 
[2025-02-22 09:33:10Z INFO Terminal] WRITE: [press Enter to skip] 
[2025-02-22 09:33:10Z INFO Terminal] READ LINE
[2025-02-22 09:33:11Z INFO Terminal] Read value: ''
[2025-02-22 09:33:11Z INFO Terminal] WRITE LINE: 
[2025-02-22 09:33:11Z INFO Terminal] WRITE LINE: A runner exists with the same name
[2025-02-22 09:33:11Z INFO CommandSettings] Flag 'replace': 'False'
[2025-02-22 09:33:11Z INFO CommandSettings] Flag 'unattended': 'False'
[2025-02-22 09:33:11Z INFO PromptManager] ReadValue
[2025-02-22 09:33:11Z INFO Terminal] WRITE: Would you like to replace the existing runner? (Y/N) 
[2025-02-22 09:33:11Z INFO Terminal] WRITE: [press Enter for N] 
[2025-02-22 09:33:11Z INFO Terminal] READ LINE
[2025-02-22 09:33:14Z INFO Terminal] Read value: 'Y'
[2025-02-22 09:33:14Z INFO CommandSettings] Flag 'disableupdate': 'False'
[2025-02-22 09:33:14Z INFO CommandSettings] Flag 'no-default-labels': 'False'
[2025-02-22 09:33:14Z INFO CommandSettings] Flag 'disableupdate': 'False'
[2025-02-22 09:33:14Z INFO CommandSettings] Flag 'ephemeral': 'False'
[2025-02-22 09:33:14Z INFO ConfigurationStore] Saving OAuth credential @ /home/ayamatani/aesd-assignments/actions-runner/.credentials
[2025-02-22 09:33:14Z INFO ConfigurationStore] Credentials Saved.
[2025-02-22 09:33:14Z INFO ConfigurationStore] HasCredentials()
[2025-02-22 09:33:14Z INFO ConfigurationStore] stored True
[2025-02-22 09:33:14Z INFO CredentialManager] GetCredentialProvider
[2025-02-22 09:33:14Z INFO CredentialManager] Creating type OAuth
[2025-02-22 09:33:14Z INFO CredentialManager] Creating credential type: OAuth
[2025-02-22 09:33:14Z INFO RSAFileKeyManager] Loading RSA key parameters from file /home/ayamatani/aesd-assignments/actions-runner/.credentials_rsaparams
[2025-02-22 09:33:14Z INFO RunnerServer] EstablishVssConnection
[2025-02-22 09:33:14Z INFO RunnerServer] Establish connection with 100 seconds timeout.
[2025-02-22 09:33:14Z INFO GitHubActionsService] Starting operation Location.GetConnectionData
[2025-02-22 09:33:14Z INFO RunnerServer] EstablishVssConnection
[2025-02-22 09:33:14Z INFO RunnerServer] Establish connection with 60 seconds timeout.
[2025-02-22 09:33:14Z INFO GitHubActionsService] Starting operation Location.GetConnectionData
[2025-02-22 09:33:14Z INFO RunnerServer] EstablishVssConnection
[2025-02-22 09:33:14Z INFO RunnerServer] Establish connection with 60 seconds timeout.
[2025-02-22 09:33:14Z INFO GitHubActionsService] Starting operation Location.GetConnectionData
[2025-02-22 09:33:15Z INFO GitHubActionsService] Finished operation Location.GetConnectionData
[2025-02-22 09:33:15Z INFO GitHubActionsService] Finished operation Location.GetConnectionData
[2025-02-22 09:33:15Z INFO GitHubActionsService] Finished operation Location.GetConnectionData
[2025-02-22 09:33:15Z INFO RSAFileKeyManager] Loading RSA key parameters from file /home/ayamatani/aesd-assignments/actions-runner/.credentials_rsaparams
[2025-02-22 09:33:15Z INFO RSAFileKeyManager] Loading RSA key parameters from file /home/ayamatani/aesd-assignments/actions-runner/.credentials_rsaparams
[2025-02-22 09:33:16Z INFO GitHubActionsService] AAD Correlation ID for this token request: Unknown
[2025-02-22 09:33:16Z INFO CommandSettings] Arg 'work': ''
[2025-02-22 09:33:16Z INFO CommandSettings] Flag 'unattended': 'False'
[2025-02-22 09:33:16Z INFO PromptManager] ReadValue
[2025-02-22 09:33:16Z INFO Terminal] WRITE: Enter name of work folder: 
[2025-02-22 09:33:16Z INFO Terminal] WRITE: [press Enter for _work] 
[2025-02-22 09:33:16Z INFO Terminal] READ LINE
[2025-02-22 09:33:17Z INFO Terminal] Read value: ''
[2025-02-22 09:33:17Z INFO PromptManager] Falling back to the default: '_work'
[2025-02-22 09:33:17Z INFO ConfigurationStore] Saving runner settings.
[2025-02-22 09:33:17Z INFO ConfigurationStore] Settings Saved.
[2025-02-22 09:33:17Z INFO Terminal] WRITE LINE: 
[2025-02-22 09:33:17Z INFO Terminal] WRITE LINE: 
[2025-02-22 09:33:17Z INFO SystemDControlManager] Service name 'actions.runner.cu-ecen-aeld-assignment-1-ayumunwap.Ubuntu.service' display name 'GitHub Actions Runner (cu-ecen-aeld-assignment-1-ayumunwap.Ubuntu)' will be used for service configuration.
[2025-02-22 09:33:17Z INFO HostContext] Well known directory 'Bin': '/home/ayamatani/aesd-assignments/actions-runner/bin'
[2025-02-22 09:33:17Z INFO HostContext] Well known directory 'Root': '/home/ayamatani/aesd-assignments/actions-runner'
[2025-02-22 09:33:17Z INFO HostContext] Well known directory 'Bin': '/home/ayamatani/aesd-assignments/actions-runner/bin'
[2025-02-22 09:33:17Z INFO HostContext] Well known directory 'Bin': '/home/ayamatani/aesd-assignments/actions-runner/bin'
[2025-02-22 09:33:17Z INFO HostContext] Well known directory 'Root': '/home/ayamatani/aesd-assignments/actions-runner'
[2025-02-22 09:33:17Z INFO UnixUtil] Which2: 'chmod'
[2025-02-22 09:33:17Z INFO UnixUtil] Location: '/usr/bin/chmod'
[2025-02-22 09:33:17Z INFO UnixUtil] Running /usr/bin/chmod 755 "/home/ayamatani/aesd-assignments/actions-runner/svc.sh"
[2025-02-22 09:33:17Z INFO ProcessInvokerWrapper] Starting process:
[2025-02-22 09:33:17Z INFO ProcessInvokerWrapper]   File name: '/usr/bin/chmod'
[2025-02-22 09:33:17Z INFO ProcessInvokerWrapper]   Arguments: '755 "/home/ayamatani/aesd-assignments/actions-runner/svc.sh"'
[2025-02-22 09:33:17Z INFO ProcessInvokerWrapper]   Working directory: '/home/ayamatani/aesd-assignments/actions-runner'
[2025-02-22 09:33:17Z INFO ProcessInvokerWrapper]   Require exit code zero: 'True'
[2025-02-22 09:33:17Z INFO ProcessInvokerWrapper]   Encoding web name:  ; code page: ''
[2025-02-22 09:33:17Z INFO ProcessInvokerWrapper]   Force kill process on cancellation: 'False'
[2025-02-22 09:33:17Z INFO ProcessInvokerWrapper]   Redirected STDIN: 'False'
[2025-02-22 09:33:17Z INFO ProcessInvokerWrapper]   Persist current code page: 'False'
[2025-02-22 09:33:17Z INFO ProcessInvokerWrapper]   Keep redirected STDIN open: 'False'
[2025-02-22 09:33:17Z INFO ProcessInvokerWrapper]   High priority process: 'False'
[2025-02-22 09:33:17Z INFO ProcessInvokerWrapper] Updated oom_score_adj to 500 for PID: 18557.
[2025-02-22 09:33:17Z INFO ProcessInvokerWrapper] Process started with process id 18557, waiting for process exit.
[2025-02-22 09:33:17Z INFO ProcessInvokerWrapper] STDOUT/STDERR stream read finished.
[2025-02-22 09:33:17Z INFO ProcessInvokerWrapper] STDOUT/STDERR stream read finished.
[2025-02-22 09:33:17Z INFO ProcessInvokerWrapper] Finished process 18557 with exit code 0, and elapsed time 00:00:00.0019904.
[2025-02-22 09:33:17Z INFO Listener] Runner execution has finished with return code 0
